<?xml version="1.0" encoding="UTF-8"?>
<testng-results skipped="0" failed="0" total="1" passed="1">
  <reporter-output>
  </reporter-output>
  <suite name="Default suite" duration-ms="47" started-at="2016-05-09T21:40:22Z" finished-at="2016-05-09T21:40:22Z">
    <groups>
    </groups>
    <test name="Default test" duration-ms="47" started-at="2016-05-09T21:40:22Z" finished-at="2016-05-09T21:40:22Z">
      <class name="roy.pranab.Open_BrowserTest">
        <test-method status="PASS" signature="m1Test()[pri:0, instance:roy.pranab.Open_BrowserTest@18e8568]" name="m1Test" duration-ms="16" started-at="2016-05-09T14:40:22Z" finished-at="2016-05-09T14:40:22Z">
          <reporter-output>
          </reporter-output>
        </test-method> <!-- m1Test -->
      </class> <!-- roy.pranab.Open_BrowserTest -->
    </test> <!-- Default test -->
  </suite> <!-- Default suite -->
</testng-results>
